<?xml version="1.0" encoding="UTF-8"?>
<!-- Generated by org.testng.reporters.JUnitReportReporter -->
<testsuite hostname="DESKTOP-3NRNP42" failures="0" tests="7" name="Tutorial2.Demo8" time="0.744" errors="0" timestamp="2022-09-01T20:46:48 IST" skipped="0">
  <testcase classname="Tutorial2.Demo8" name="verifyStatusCode" time="0.009"/>
  <system-out/>
  <testcase classname="Tutorial2.Demo8" name="validateStatusLine" time="0.001"/>
  <system-out/>
  <testcase classname="Tutorial2.Demo8" name="validateFirstNameInResponseBody" time="0.660"/>
  <system-out/>
  <testcase classname="Tutorial2.Demo8" name="validateLastNameInResponseBody" time="0.024"/>
  <system-out/>
  <testcase classname="Tutorial2.Demo8" name="validateJobInResponseBody" time="0.024"/>
  <system-out/>
  <testcase classname="Tutorial2.Demo8" name="validateAddressinResponseBody" time="0.025"/>
  <system-out/>
  <testcase classname="Tutorial2.Demo8" name="validateContentTypeHeader" time="0.001"/>
  <system-out/>
</testsuite> <!-- Tutorial2.Demo8 -->
