<?xml version="1.0" encoding="UTF-8"?>
<!-- Generated by org.testng.reporters.JUnitReportReporter -->
<testsuite hostname="DESKTOP-3NRNP42" failures="0" tests="8" name="tutorial4.Demo3" time="0.854" errors="0" timestamp="2022-09-02T21:09:26 IST" skipped="0">
  <testcase classname="tutorial4.Demo3" name="validateStatusCode" time="0.015"/>
  <system-out/>
  <testcase classname="tutorial4.Demo3" name="validateStatusline" time="0.001"/>
  <system-out/>
  <testcase classname="tutorial4.Demo3" name="captureResponseId" time="0.732"/>
  <system-out/>
  <testcase classname="tutorial4.Demo3" name="validatefirstName" time="0.027"/>
  <system-out/>
  <testcase classname="tutorial4.Demo3" name="validateLastName" time="0.034"/>
  <system-out/>
  <testcase classname="tutorial4.Demo3" name="validateJob" time="0.022"/>
  <system-out/>
  <testcase classname="tutorial4.Demo3" name="validateAddress" time="0.021"/>
  <system-out/>
  <testcase classname="tutorial4.Demo3" name="validateContentTypeResponseHeader" time="0.002"/>
  <system-out/>
</testsuite> <!-- tutorial4.Demo3 -->
