<?xml version="1.0" encoding="UTF-8"?>
<!-- Generated by org.testng.reporters.JUnitReportReporter -->
<testsuite hostname="DESKTOP-3NRNP42" failures="0" tests="3" name="Tutorial8.Demo2" time="2.571" errors="0" timestamp="2022-09-06T20:01:34 IST" skipped="0">
  <testcase classname="Tutorial8.Demo2" name="getRequest" time="2.484"/>
  <system-out/>
  <testcase classname="Tutorial8.Demo2" name="deleteRequest" time="0.045"/>
  <system-out/>
  <testcase classname="Tutorial8.Demo2" name="getAfterDeleteRequest" time="0.042"/>
  <system-out/>
</testsuite> <!-- Tutorial8.Demo2 -->
