<?xml version="1.0" encoding="UTF-8"?>
<!-- Generated by org.testng.reporters.JUnitReportReporter -->
<testsuite hostname="DESKTOP-3NRNP42" failures="0" tests="4" name="Tutorial5.Demo2" time="3.128" errors="0" timestamp="2022-09-03T20:06:11 IST" skipped="0">
  <testcase classname="Tutorial5.Demo2" name="createANewUser" time="1.884"/>
  <system-out/>
  <testcase classname="Tutorial5.Demo2" name="retriveTheDataAfterPost" time="0.054"/>
  <system-out/>
  <testcase classname="Tutorial5.Demo2" name="updateData" time="1.147"/>
  <system-out/>
  <testcase classname="Tutorial5.Demo2" name="retriveTheDataAfterPut" time="0.043"/>
  <system-out/>
</testsuite> <!-- Tutorial5.Demo2 -->
